<?xml version="1.0" encoding="UTF-8"?>
<testng-results skipped="0" failed="0" ignored="0" total="1" passed="1">
  <reporter-output>
  </reporter-output>
  <suite name="Default suite" duration-ms="5769" started-at="2018-04-28T06:52:36Z" finished-at="2018-04-28T06:52:41Z">
    <groups>
    </groups>
    <test name="Default test" duration-ms="5769" started-at="2018-04-28T06:52:36Z" finished-at="2018-04-28T06:52:41Z">
      <class name="com.jaga.rest.test.CreatePersonAPITest">
        <test-method status="PASS" signature="dataSetup()[pri:0, instance:com.jaga.rest.test.CreatePersonAPITest@15be6bb]" name="dataSetup" is-config="true" duration-ms="31" started-at="2018-04-28T12:22:36Z" finished-at="2018-04-28T12:22:36Z">
          <reporter-output>
          </reporter-output>
        </test-method> <!-- dataSetup -->
        <test-method status="PASS" signature="createPersonAPITest()[pri:0, instance:com.jaga.rest.test.CreatePersonAPITest@15be6bb]" name="createPersonAPITest" duration-ms="5691" started-at="2018-04-28T12:22:36Z" finished-at="2018-04-28T12:22:41Z">
          <reporter-output>
          </reporter-output>
        </test-method> <!-- createPersonAPITest -->
      </class> <!-- com.jaga.rest.test.CreatePersonAPITest -->
    </test> <!-- Default test -->
  </suite> <!-- Default suite -->
</testng-results>
